Gen: 0, Best Score: -0.2712519852771625, Avg Score: -0.3199218989096851, Time: 0.004477606680658128
Gen: 1, Best Score: -0.2721034404371625, Avg Score: -0.3180212835809518, Time: 0.00804237339231703
Gen: 2, Best Score: -0.2799772626371625, Avg Score: -0.31505228184928297, Time: 0.012120037608676486
Gen: 3, Best Score: -0.256477543555394, Avg Score: -0.3160872621117194, Time: 0.01572971993022495
Gen: 4, Best Score: -0.2569097564771625, Avg Score: -0.3132747763039127, Time: 0.018709525068600973
Gen: 5, Best Score: -0.25356252207716246, Avg Score: -0.3126308707889742, Time: 0.021778866052627563
Gen: 6, Best Score: -0.2803187336225835, Avg Score: -0.31136517346378895, Time: 0.025143068366580538
Gen: 7, Best Score: -0.13546461623706837, Avg Score: -0.30855983433254086, Time: 0.029437861641248068
Gen: 8, Best Score: -0.13546461623706837, Avg Score: -0.30555698341241694, Time: 0.032969534529580014
Gen: 9, Best Score: -0.13546461623706837, Avg Score: -0.3050627385635895, Time: 0.03678302076127794
Values
Validation Generation Score:  -97.40900188487522
Validation Generation Score:  -97.49120492638777
Validation champion:  {'validation': -97.40900188487522}
Validation champ with the best test score: -97.40900188487522 on test data.
Gen: 10, Best Score: -97.40900188487522, Avg Score: -100.74279506175452, Time: 0.046540872984462314
Gen: 11, Best Score: -0.13546461623706835, Avg Score: -0.29295926931758276, Time: 0.04923829482661353
Gen: 12, Best Score: -0.13546461623706682, Avg Score: -0.28249088653096704, Time: 0.05175342301527659
Gen: 13, Best Score: -0.13536198652670964, Avg Score: -0.2562388751338406, Time: 0.05498337659570906
Gen: 14, Best Score: -0.12277295056556894, Avg Score: -0.2245345458334416, Time: 0.05765530036555396
Gen: 15, Best Score: -0.12570897423050392, Avg Score: -0.1827792223813362, Time: 0.06008195718129476
Gen: 16, Best Score: -0.11904543148929132, Avg Score: -0.14605082312030546, Time: 0.06203825791676839
Gen: 17, Best Score: -0.11206670367516654, Avg Score: -0.15042121972183592, Time: 0.06414993306001028
Gen: 18, Best Score: -0.1060003404126526, Avg Score: -0.14514181604085963, Time: 0.06636641118261549
Gen: 19, Best Score: -0.11450075934998896, Avg Score: -0.14348660685114328, Time: 0.06871105386151208
Values
Validation Generation Score:  -94.13408332790016
Validation Generation Score:  -94.05249584784447
Validation Generation Score:  -94.09210360895736
Validation champion:  {'validation': -94.05249584784447}
Validation champ with the best test score: -94.05249584784447 on test data.
Gen: 20, Best Score: -94.05249584784447, Avg Score: -96.53927407350061, Time: 0.08013486093944973
Gen: 21, Best Score: -0.10678573333121813, Avg Score: -0.16040531431712834, Time: 0.08369938969612122
Gen: 22, Best Score: -0.1086836816557439, Avg Score: -0.14483647882490425, Time: 0.08693857007556491
Gen: 23, Best Score: -0.0990689017443839, Avg Score: -0.1468912968502327, Time: 0.09048086875014835
Gen: 24, Best Score: -0.1059793605167412, Avg Score: -0.13928535472878967, Time: 0.0947075602081087
Gen: 25, Best Score: -0.11221214631855927, Avg Score: -0.14082862350203895, Time: 0.09873633106549581
Gen: 26, Best Score: -0.08713566368207903, Avg Score: -0.14068885283317484, Time: 0.10242437422275544
Gen: 27, Best Score: -0.10686213066355939, Avg Score: -0.14301203876213106, Time: 0.10628959205415514
Gen: 28, Best Score: -0.09160259227512986, Avg Score: -0.13928251367040106, Time: 0.110175053079923
Gen: 29, Best Score: -0.09832688125682292, Avg Score: -0.13277667154308842, Time: 0.1144253976477517
Values
Validation Generation Score:  -93.7371627745586
Validation Generation Score:  -93.65825057461414
Validation Generation Score:  -93.740740867655
Validation champion:  {'validation': -93.65825057461414}
Validation champ with the best test score: -93.65825057461414 on test data.
Gen: 30, Best Score: -93.65825057461414, Avg Score: -95.06059314767614, Time: 0.13254179815451303
Gen: 31, Best Score: -0.09638246392610066, Avg Score: -0.14143943995248484, Time: 0.13851890133486855
Gen: 32, Best Score: -0.09514168373578291, Avg Score: -0.1338768303633675, Time: 0.1439343046479755
Gen: 33, Best Score: -0.09944953182601357, Avg Score: -0.14124413667550398, Time: 0.1501044292582406
Gen: 34, Best Score: -0.0926711865941762, Avg Score: -0.13928022675594517, Time: 0.15601172930664486
Gen: 35, Best Score: -0.0977751371795775, Avg Score: -0.13063377622831937, Time: 0.16175462828742132
Gen: 36, Best Score: -0.0998619237485576, Avg Score: -0.13698915684372287, Time: 0.16918669720490773
Gen: 37, Best Score: -0.09204791808250136, Avg Score: -0.1332971691343724, Time: 0.17561469316482545
Gen: 38, Best Score: -0.09901578167321598, Avg Score: -0.13075664831902906, Time: 0.1825738376379013
Gen: 39, Best Score: -0.10081279123757858, Avg Score: -0.13090225773467978, Time: 0.189501520925098
Values
Validation Generation Score:  -93.65625773847194
Validation Generation Score:  -93.57619083878929
Validation Generation Score:  -93.63773010476962
Validation champion:  {'main': -0.10738634667763854, 'validation': -93.57619083878929}
Validation champ with the best test score: -93.57619083878929 on test data.
Gen: 40, Best Score: -93.57619083878929, Avg Score: -94.61348463266032, Time: 0.2192713360653983
Gen: 41, Best Score: -0.08476550545640915, Avg Score: -0.14680100540219582, Time: 0.22777234474817912
Gen: 42, Best Score: -0.09355863277007012, Avg Score: -0.12805903413009045, Time: 0.23545499198966557
Gen: 43, Best Score: -0.09486393212344033, Avg Score: -0.12928434887814458, Time: 0.244305486480395
Gen: 44, Best Score: -0.07630017450280659, Avg Score: -0.1383313594254161, Time: 0.25297451151741873
Gen: 45, Best Score: -0.09386691729305288, Avg Score: -0.13739307066359538, Time: 0.2622404185930888
Gen: 46, Best Score: -0.0888643711486486, Avg Score: -0.13148362200867375, Time: 0.26996748361322614
Gen: 47, Best Score: -0.09526566592778818, Avg Score: -0.12887316970175217, Time: 0.27947851134671103
Gen: 48, Best Score: -0.09147679101925721, Avg Score: -0.13495699611099748, Time: 0.28917077508237626
Gen: 49, Best Score: -0.09609895536366699, Avg Score: -0.13324535688178143, Time: 0.29751095361179775
Values
Validation Generation Score:  -93.3060438625747
Validation Generation Score:  -93.55311706684694
Validation champion:  {'main': -0.11089158195370061, 'validation': -93.3060438625747}
Validation champ with the best test score: -93.3060438625747 on test data.
Gen: 50, Best Score: -93.3060438625747, Avg Score: -94.6073408541324, Time: 0.32155344777637057
Gen: 51, Best Score: -0.08768146755374767, Avg Score: -0.13318563363890532, Time: 0.3306334818734063
Gen: 52, Best Score: -0.08703782374252222, Avg Score: -0.12900821832727905, Time: 0.33975715147124397
Gen: 53, Best Score: -0.08937682433048319, Avg Score: -0.1304530942481126, Time: 0.3487766295009189
Gen: 54, Best Score: -0.0913792461406261, Avg Score: -0.13116985213794183, Time: 0.35827572915289135
Gen: 55, Best Score: -0.08725505413869691, Avg Score: -0.13232537962154067, Time: 0.3679012556870778
Gen: 56, Best Score: -0.09300821127857677, Avg Score: -0.13293485898646287, Time: 0.3779986689488093
Gen: 57, Best Score: -0.09040954115735644, Avg Score: -0.13266487779730485, Time: 0.3876937794685364
Gen: 58, Best Score: -0.09450176962785288, Avg Score: -0.13021060988564076, Time: 0.3976224561532338
Gen: 59, Best Score: -0.0907177175104168, Avg Score: -0.13536158237420506, Time: 0.40844015452596877
Values
Validation Generation Score:  -93.59495252583581
Validation Generation Score:  -93.57193788120283
Validation Generation Score:  -93.46941214721448
Validation Generation Score:  -93.4508670401495
Validation Generation Score:  -93.49109200268693
Validation champion:  {'validation': -93.4508670401495}
Validation champ with the best test score: -93.4508670401495 on test data.
Gen: 60, Best Score: -93.4508670401495, Avg Score: -94.51387546186949, Time: 0.46792216890388066
Gen: 61, Best Score: -0.09647424957575189, Avg Score: -0.13813677798393062, Time: 0.47930485910839504
Gen: 62, Best Score: -0.08967962498018475, Avg Score: -0.13085258187597573, Time: 0.4905285535256068
Gen: 63, Best Score: -0.08168990809153469, Avg Score: -0.13551751316546196, Time: 0.5016688412427902
Gen: 64, Best Score: -0.09084640176283161, Avg Score: -0.1299276652658922, Time: 0.5124611897601021
Gen: 65, Best Score: -0.08899234027100492, Avg Score: -0.13144771138902028, Time: 0.5237963879108429
Gen: 66, Best Score: -0.09044695679135244, Avg Score: -0.13182071218906063, Time: 0.5363236649168862
Gen: 67, Best Score: -0.08091355585787349, Avg Score: -0.1308374023931598, Time: 0.547076413432757
Gen: 68, Best Score: -0.09815814963490146, Avg Score: -0.1282113083152173, Time: 0.5584807184669707
Gen: 69, Best Score: -0.08622692012435472, Avg Score: -0.12898908065190057, Time: 0.56991851872868
Values
Validation Generation Score:  -93.34668598538006
Validation Generation Score:  -93.51343795274097
Validation champion:  {'validation': -93.34668598538006}
Validation champ with the best test score: -93.34668598538006 on test data.
Gen: 70, Best Score: -93.34668598538006, Avg Score: -94.51245923499766, Time: 0.6013520477877723
Gen: 71, Best Score: -0.09361429884480015, Avg Score: -0.1321415900480899, Time: 0.6126656716399722
Gen: 72, Best Score: -0.08880920630516183, Avg Score: -0.12895032733620668, Time: 0.6257293207115597
Gen: 73, Best Score: -0.08834910480515935, Avg Score: -0.1298079369463634, Time: 0.6370749494102266
Gen: 74, Best Score: -0.08629120920138418, Avg Score: -0.12470107366143685, Time: 0.6486110354132123
Gen: 75, Best Score: -0.0853866794234811, Avg Score: -0.12161288651220843, Time: 0.6603537378708522
Gen: 76, Best Score: -0.08287456759541598, Avg Score: -0.1244494674519774, Time: 0.673405373427603
Gen: 77, Best Score: -0.08028549494346811, Avg Score: -0.12787520634237654, Time: 0.6848566249344084
Gen: 78, Best Score: -0.08606371401786661, Avg Score: -0.1261504555955795, Time: 0.696742578678661
Gen: 79, Best Score: -0.08618900707051178, Avg Score: -0.12396827818491102, Time: 0.7091658600171407
Values
Validation Generation Score:  -93.44854589055075
Validation Generation Score:  -93.3467871898868
Validation Generation Score:  -93.01429495574148
Validation Generation Score:  -93.3644244636227
Validation champion:  {'validation': -93.01429495574148}
Validation champ with the best test score: -93.01429495574148 on test data.
Gen: 80, Best Score: -93.01429495574148, Avg Score: -94.39098000416811, Time: 0.7682195383310318
Gen: 81, Best Score: -0.08767418183717937, Avg Score: -0.12807530137393988, Time: 0.7812370657258564
Gen: 82, Best Score: -0.07800024949608267, Avg Score: -0.13128588973257924, Time: 0.7939277839660644
Gen: 83, Best Score: -0.08646944132824465, Avg Score: -0.12274342209323157, Time: 0.8068366286489699
Gen: 84, Best Score: -0.08258027141206664, Avg Score: -0.12745022168873132, Time: 0.8199722362889184
Gen: 85, Best Score: -0.08707730493247925, Avg Score: -0.12382375317121425, Time: 0.8326863794856602
Gen: 86, Best Score: -0.08636499888004376, Avg Score: -0.12735468418473933, Time: 0.8455227049191792
Gen: 87, Best Score: -0.08746102699432283, Avg Score: -0.12563949067733193, Time: 0.8579961257510715
Gen: 88, Best Score: -0.08272148673031691, Avg Score: -0.12132280471337532, Time: 0.8712393778562546
Gen: 89, Best Score: -0.08817002029332516, Avg Score: -0.12828413017945497, Time: 0.8837873162825902
Values
Validation Generation Score:  -93.36710695849735
Validation Generation Score:  -93.38426533263214
Validation champion:  {'main': -0.09476753457386695, 'validation': -93.36710695849735}
Validation champ with the best test score: -93.36710695849735 on test data.
Gen: 90, Best Score: -93.36710695849735, Avg Score: -94.34136401435886, Time: 0.9209977970520655
Gen: 91, Best Score: -0.08200316447070646, Avg Score: -0.13617010750667877, Time: 0.9345249182648129
Gen: 92, Best Score: -0.08455394642835508, Avg Score: -0.13006905692338658, Time: 0.9489033061265946
Gen: 93, Best Score: -0.07921919385776538, Avg Score: -0.127081345840842, Time: 0.9620554783609179
Gen: 94, Best Score: -0.08626125372642121, Avg Score: -0.13042443967290995, Time: 0.9762458823786841
Gen: 95, Best Score: -0.08415355666379384, Avg Score: -0.132554385825047, Time: 0.9893108175198237
Gen: 96, Best Score: -0.08786468572137891, Avg Score: -0.12216902855759751, Time: 1.0024110241731008
Gen: 97, Best Score: -0.07955919886220146, Avg Score: -0.12161791533548587, Time: 1.0162302837106916
Gen: 98, Best Score: -0.08133045724313294, Avg Score: -0.12536302240652192, Time: 1.0302143575747809
Gen: 99, Best Score: -0.08633857534309643, Avg Score: -0.12409139601697444, Time: 1.04444843755828
Values
Validation Generation Score:  -93.26257622252768
Validation Generation Score:  -93.2830536293889
Validation champion:  {'validation': -93.26257622252768}
Validation champ with the best test score: -93.26257622252768 on test data.
Gen: 100, Best Score: -93.26257622252768, Avg Score: -94.22153245632124, Time: 1.0870828643772337
Gen: 101, Best Score: -0.08006230361590667, Avg Score: -0.13673017232284135, Time: 1.102859999537468
Gen: 102, Best Score: -0.08614030504766833, Avg Score: -0.12821687377928576, Time: 1.1169706220759286
Gen: 103, Best Score: -0.07817827044726118, Avg Score: -0.12452583888547726, Time: 1.1321891389952765
Gen: 104, Best Score: -0.08008630938055708, Avg Score: -0.12859422849561766, Time: 1.146472035513984
Gen: 105, Best Score: -0.0697604348455522, Avg Score: -0.127601992477294, Time: 1.161642036702898
Gen: 106, Best Score: -0.0810093124404302, Avg Score: -0.12694313329120238, Time: 1.1759748922453985
Gen: 107, Best Score: -0.0761794750392053, Avg Score: -0.1206038193164459, Time: 1.1907225906186634
Gen: 108, Best Score: -0.08353461922684521, Avg Score: -0.12514355161036145, Time: 1.2058287064896689
Gen: 109, Best Score: -0.08311530129002521, Avg Score: -0.12962146754323053, Time: 1.220432664288415
Values
Validation Generation Score:  -93.49148354196359
Validation Generation Score:  -93.38674904714247
Validation Generation Score:  -93.34461146208268
Validation Generation Score:  -93.28629174616243
Validation Generation Score:  -93.42684191909306
Validation champion:  {'validation': -93.28629174616243}
Validation champ with the best test score: -93.28629174616243 on test data.
Gen: 110, Best Score: -93.28629174616243, Avg Score: -94.29990943512706, Time: 1.2998151808977128
Gen: 111, Best Score: -0.08124207810666262, Avg Score: -0.13300906474818738, Time: 1.3139164005385504
Gen: 112, Best Score: -0.085302955314841, Avg Score: -0.13818708426889512, Time: 1.3280120670133166
Gen: 113, Best Score: -0.08162927212363132, Avg Score: -0.13315681654975509, Time: 1.341220694846577
Gen: 114, Best Score: -0.07794456967689586, Avg Score: -0.13135925103045706, Time: 1.3554042573769887
Gen: 115, Best Score: -0.08421087145507558, Avg Score: -0.12020482122068261, Time: 1.3701513557301628
Gen: 116, Best Score: -0.08838657284578036, Avg Score: -0.12280750323909473, Time: 1.3850867643621232
Gen: 117, Best Score: -0.07837419193637211, Avg Score: -0.1327107461701895, Time: 1.4003996319903267
Gen: 118, Best Score: -0.08490058383889713, Avg Score: -0.13090656853095814, Time: 1.4155773475435045
Gen: 119, Best Score: -0.08568390405063822, Avg Score: -0.12742663667649773, Time: 1.431773376862208
Values
Validation Generation Score:  -93.34668825791346
Validation Generation Score:  -93.46992795217595
Validation champion:  {'main': -0.10392389917777281, 'validation': -93.34668825791346}
Validation champ with the best test score: -93.34668825791346 on test data.
Gen: 120, Best Score: -93.34668825791346, Avg Score: -94.35967851591249, Time: 1.4740415745973587
Gen: 121, Best Score: -0.08660052266728188, Avg Score: -0.13239323664231598, Time: 1.4890522571404774
Gen: 122, Best Score: -0.0841850370452609, Avg Score: -0.1282594039914331, Time: 1.5035208009348975
Gen: 123, Best Score: -0.08337777508428451, Avg Score: -0.13178481214467597, Time: 1.5191947796609666
Gen: 124, Best Score: -0.08480491883538765, Avg Score: -0.12915397550357655, Time: 1.5357831433084277
Gen: 125, Best Score: -0.08368340180420505, Avg Score: -0.12669793796882597, Time: 1.5510014352533552
Gen: 126, Best Score: -0.08293019575821428, Avg Score: -0.12783257204438872, Time: 1.5660315146711137
Gen: 127, Best Score: -0.0742102956972047, Avg Score: -0.12415632193899827, Time: 1.582148596578174
Gen: 128, Best Score: -0.08472649405663218, Avg Score: -0.12016845916227242, Time: 1.5978237558735742
Gen: 129, Best Score: -0.07703673821033523, Avg Score: -0.12883499563030487, Time: 1.6129367054833306
Values
Validation Generation Score:  -93.32529901110802
Validation Generation Score:  -93.28284795745093
Validation Generation Score:  -93.40864524823746
Validation champion:  {'validation': -93.28284795745093}
Validation champ with the best test score: -93.28284795745093 on test data.
Gen: 130, Best Score: -93.28284795745093, Avg Score: -94.32947169058265, Time: 1.6659062327941259
Gen: 131, Best Score: -0.0800914616879829, Avg Score: -0.13039761136125913, Time: 1.6804729431205325
Gen: 132, Best Score: -0.0851145114979981, Avg Score: -0.13160789759712999, Time: 1.6958234086963866
Gen: 133, Best Score: -0.08739570953023593, Avg Score: -0.12518506826957118, Time: 1.7102494628561868
Gen: 134, Best Score: -0.07795420324092528, Avg Score: -0.12795019493413445, Time: 1.7237704634666442
Gen: 135, Best Score: -0.08584279486718983, Avg Score: -0.13068845697317474, Time: 1.7390506841076745
Gen: 136, Best Score: -0.08750766157794793, Avg Score: -0.11818178163259241, Time: 1.7529964368210897
Gen: 137, Best Score: -0.08284760351769735, Avg Score: -0.1267881135187671, Time: 1.7662131972445383
Gen: 138, Best Score: -0.08496078783272562, Avg Score: -0.12364388592950751, Time: 1.7811475539869732
Gen: 139, Best Score: -0.07826938021147715, Avg Score: -0.11836875522123688, Time: 1.7955050322744581
Values
Validation Generation Score:  -93.36635107863962
Validation Generation Score:  -93.17743832662929
Validation Generation Score:  -93.26368956267184
Validation champion:  {'validation': -93.17743832662929}
Validation champ with the best test score: -93.17743832662929 on test data.
Gen: 140, Best Score: -93.17743832662929, Avg Score: -94.1885948844582, Time: 1.850036359892951
Gen: 141, Best Score: -0.08657269953671116, Avg Score: -0.1386105077720663, Time: 1.8652669801314672
Gen: 142, Best Score: -0.08406147996071348, Avg Score: -0.12355522099460371, Time: 1.8794254770543841
Gen: 143, Best Score: -0.08648646622520981, Avg Score: -0.12322879682602571, Time: 1.8937917444441053
Gen: 144, Best Score: -0.08657667008743394, Avg Score: -0.12827256970975678, Time: 1.9087849309047062
Gen: 145, Best Score: -0.07794408110695202, Avg Score: -0.123492467099082, Time: 1.9244242130385505
Gen: 146, Best Score: -0.08250413620775464, Avg Score: -0.11919430253847771, Time: 1.9385966862572563
Gen: 147, Best Score: -0.08182773951815589, Avg Score: -0.12109417354326651, Time: 1.9529299488332537
Gen: 148, Best Score: -0.08274991808692603, Avg Score: -0.12764908647769616, Time: 1.9673399041758644
Gen: 149, Best Score: -0.0922139839629987, Avg Score: -0.12814760122787103, Time: 1.9818327570623822
Values
Validation Generation Score:  -93.46906387260002
Validation Generation Score:  -93.34621795070962
Validation Generation Score:  -93.32471638715616
Validation Generation Score:  -93.36656688581051
Validation champion:  {'validation': -93.32471638715616}
Validation champ with the best test score: -93.32471638715616 on test data.
Gen: 150, Best Score: -93.32471638715616, Avg Score: -94.3639251678825, Time: 2.0501494768593047
Gen: 151, Best Score: -0.08407972143655487, Avg Score: -0.13353749942411777, Time: 2.065331971711583
Gen: 152, Best Score: -0.07745731719942632, Avg Score: -0.12347308946982248, Time: 2.0788871786991754
Gen: 153, Best Score: -0.08153357379821317, Avg Score: -0.1183982435315021, Time: 2.094464691347546
Gen: 154, Best Score: -0.08447478321029223, Avg Score: -0.12265893768007374, Time: 2.1095012774070105
Gen: 155, Best Score: -0.07835292572180812, Avg Score: -0.12079944748078975, Time: 2.1238443230920367
Gen: 156, Best Score: -0.07873746674708694, Avg Score: -0.12349113637876137, Time: 2.1387806638081868
Gen: 157, Best Score: -0.07998289499882925, Avg Score: -0.12937648338161398, Time: 2.1545260030693476
Gen: 158, Best Score: -0.08437149550192338, Avg Score: -0.11962157139981845, Time: 2.169947382211685
Gen: 159, Best Score: -0.08276862626085434, Avg Score: -0.12157560245340814, Time: 2.18565691669782
Values
Validation Generation Score:  -93.24178432126719
Validation Generation Score:  -93.26293176194447
Validation champion:  {'main': -0.08927436284082133, 'validation': -93.24178432126719}
Validation champ with the best test score: -93.24178432126719 on test data.
Gen: 160, Best Score: -93.24178432126719, Avg Score: -94.25440614623022, Time: 2.2279389185375638
Gen: 161, Best Score: -0.08689199951849236, Avg Score: -0.1242073449078597, Time: 2.243850261701478
Gen: 162, Best Score: -0.08534299517342633, Avg Score: -0.11343827890755662, Time: 2.2596402678224776
Gen: 163, Best Score: -0.0794449493613511, Avg Score: -0.12267189418630987, Time: 2.2764847542179956
Gen: 164, Best Score: -0.0856547206350575, Avg Score: -0.1202663744034332, Time: 2.293171320292685
Gen: 165, Best Score: -0.0853285251182891, Avg Score: -0.1170253246636687, Time: 2.3070622716347375
Gen: 166, Best Score: -0.08541507909857937, Avg Score: -0.12074909460802706, Time: 2.3217095490958957
Gen: 167, Best Score: -0.0836042056038202, Avg Score: -0.12164096024752377, Time: 2.3371330608261958
Gen: 168, Best Score: -0.08203623498418611, Avg Score: -0.1223410910084092, Time: 2.3526548987627027
Gen: 169, Best Score: -0.08594062507607522, Avg Score: -0.12348794991419633, Time: 2.3683059061235854
Values
Validation Generation Score:  -93.42977144264988
Validation Generation Score:  -93.32463551060913
Validation Generation Score:  -93.26459911481243
Validation Generation Score:  -93.34783138735902
Validation champion:  {'main': -0.09400601597469267, 'validation': -93.26459911481243}
Validation champ with the best test score: -93.26459911481243 on test data.
Gen: 170, Best Score: -93.26459911481243, Avg Score: -94.28802714968202, Time: 2.44287667605612
Gen: 171, Best Score: -0.07590378911215709, Avg Score: -0.12694925530283746, Time: 2.4599324603213204
Gen: 172, Best Score: -0.07327774579264956, Avg Score: -0.12122590335116307, Time: 2.4771970114443036
Gen: 173, Best Score: -0.07647198370387763, Avg Score: -0.11773781472067651, Time: 2.4936778348022037
Gen: 174, Best Score: -0.0794399751570905, Avg Score: -0.12767349357338237, Time: 2.5096837939156424
Gen: 175, Best Score: -0.07982494754399719, Avg Score: -0.12019682554376547, Time: 2.525028655131658
Gen: 176, Best Score: -0.08460506704243989, Avg Score: -0.1214864329268773, Time: 2.542000766793887
Gen: 177, Best Score: -0.07762841911423275, Avg Score: -0.12436295564545645, Time: 2.55838748368952
Gen: 178, Best Score: -0.08684150592403639, Avg Score: -0.12334649886971367, Time: 2.57423759871059
Gen: 179, Best Score: -0.08589859014971965, Avg Score: -0.12994676006041325, Time: 2.590318957236078
Values
Validation Generation Score:  -93.24500802340485
Validation Generation Score:  -93.26311532006154
Validation champion:  {'main': -0.08537120204283152, 'validation': -93.24500802340485}
Validation champ with the best test score: -93.24500802340485 on test data.
Gen: 180, Best Score: -93.24500802340485, Avg Score: -94.46417569885298, Time: 2.635916726125611
Gen: 181, Best Score: -0.07707088241314157, Avg Score: -0.11983054763922533, Time: 2.6523241590129003
Gen: 182, Best Score: -0.07399256980358852, Avg Score: -0.11986729497417244, Time: 2.6692854519022835
Gen: 183, Best Score: -0.07721874074115578, Avg Score: -0.11847991831307418, Time: 2.6855969750881195
Gen: 184, Best Score: -0.08207478086526031, Avg Score: -0.11542067170233601, Time: 2.701438501411014
Gen: 185, Best Score: -0.08187944137387995, Avg Score: -0.12343122306851685, Time: 2.7168009506993824
Gen: 186, Best Score: -0.08048159791570668, Avg Score: -0.11691654372834939, Time: 2.7313903948995804
Gen: 187, Best Score: -0.08163256429125368, Avg Score: -0.11846411648289068, Time: 2.7467876185311213
Gen: 188, Best Score: -0.08444327346600436, Avg Score: -0.12308577607599323, Time: 2.7617903888225555
Gen: 189, Best Score: -0.07795429028212862, Avg Score: -0.11923126483039065, Time: 2.7767161830266316
Values
Validation Generation Score:  -93.28479957402912
Validation Generation Score:  -93.28437191109514
Validation Generation Score:  -93.36740744537884
Validation champion:  {'validation': -93.28437191109514}
Validation champ with the best test score: -93.28437191109514 on test data.
Gen: 190, Best Score: -93.28437191109514, Avg Score: -94.2172867108597, Time: 2.835362346569697
Gen: 191, Best Score: -0.08149103679224441, Avg Score: -0.13686145133258149, Time: 2.8500254839658736
Gen: 192, Best Score: -0.08153624458974555, Avg Score: -0.12159550249217645, Time: 2.8666275354888704
Gen: 193, Best Score: -0.07504589644113616, Avg Score: -0.1204713454064012, Time: 2.883124694161945
Gen: 194, Best Score: -0.08071396206144814, Avg Score: -0.11559252792277991, Time: 2.898284936348597
Gen: 195, Best Score: -0.0720645684275466, Avg Score: -0.11999303585743637, Time: 2.9135840110646356
Gen: 196, Best Score: -0.0863819810829741, Avg Score: -0.12018428020648979, Time: 2.9302464742130705
Gen: 197, Best Score: -0.0840405459280886, Avg Score: -0.11846867205400599, Time: 2.946571264598105
Gen: 198, Best Score: -0.08370741502630022, Avg Score: -0.12124067287754985, Time: 2.9627149905761083
Gen: 199, Best Score: -0.07859156405642653, Avg Score: -0.11747398084155695, Time: 2.97845294866297
Values
Validation Generation Score:  -93.42756940829997
Validation Generation Score:  -93.3458283745904
Validation Generation Score:  -93.24201433609441
Validation Generation Score:  -93.36896284676016
Validation champion:  {'validation': -93.24201433609441}
Validation champ with the best test score: -93.24201433609441 on test data.
Gen: 200, Best Score: -93.24201433609441, Avg Score: -94.3694462855276, Time: 3.0506922327809862
Gen: 201, Best Score: -0.08087022224536877, Avg Score: -0.1297051558606536, Time: 3.064098743200302
Gen: 202, Best Score: -0.08363485712519067, Avg Score: -0.11846251013053419, Time: 3.0788043585750793
Gen: 203, Best Score: -0.08227840829034572, Avg Score: -0.11677821912387569, Time: 3.094336522685157
Gen: 204, Best Score: -0.08176939443306122, Avg Score: -0.12021421579517431, Time: 3.1092195133368175
Gen: 205, Best Score: -0.07950221054335957, Avg Score: -0.1219077198470139, Time: 3.123913644022412
Gen: 206, Best Score: -0.08019799310314298, Avg Score: -0.11799422008718392, Time: 3.1404408552911547
Gen: 207, Best Score: -0.08139421756168755, Avg Score: -0.1271132142350453, Time: 3.1574687901470395
Gen: 208, Best Score: -0.07480164154631362, Avg Score: -0.12482452336267606, Time: 3.171438916259342
Gen: 209, Best Score: -0.08036016436787886, Avg Score: -0.11986827354372202, Time: 3.186442193256484
Values
Validation Generation Score:  -93.30658819725464
Validation Generation Score:  -93.38726562847467
Validation champion:  {'main': -0.08997154038932346, 'validation': -93.30658819725464}
Validation champ with the best test score: -93.30658819725464 on test data.
Gen: 210, Best Score: -93.30658819725464, Avg Score: -94.35013561548703, Time: 3.230093477567037
Gen: 211, Best Score: -0.08361332326565382, Avg Score: -0.12265981090123823, Time: 3.2453334171242183
Gen: 212, Best Score: -0.08007792583130521, Avg Score: -0.12509338858859906, Time: 3.2605799191527898
Gen: 213, Best Score: -0.08509817862299515, Avg Score: -0.12060744343250403, Time: 3.2764379795392355
Gen: 214, Best Score: -0.0795148973915574, Avg Score: -0.12117015665715701, Time: 3.2922408187389376
Gen: 215, Best Score: -0.08314000709392003, Avg Score: -0.1197485300493458, Time: 3.307279108365377
Gen: 216, Best Score: -0.07598824014672323, Avg Score: -0.12327036792635343, Time: 3.321651353504923
Gen: 217, Best Score: -0.06746297028577992, Avg Score: -0.1231474196855684, Time: 3.337899478475253
Gen: 218, Best Score: -0.07133138237142796, Avg Score: -0.11407011812510946, Time: 3.3541581314139894
Gen: 219, Best Score: -0.07398274280809647, Avg Score: -0.12445108313256363, Time: 3.3682593068149353
Values
Validation Generation Score:  -93.34514545501334
Validation Generation Score:  -93.3451997929421
Validation champion:  {'main': -0.0935702388871858, 'validation': -93.34514545501334}
Validation champ with the best test score: -93.34514545501334 on test data.
Gen: 220, Best Score: -93.34514545501334, Avg Score: -94.67094114587972, Time: 3.410333280629582
Gen: 221, Best Score: -0.08053595347925788, Avg Score: -0.13030880460990518, Time: 3.4252133603228465
Gen: 222, Best Score: -0.07921693830469165, Avg Score: -0.12259828478141681, Time: 3.440862547887696
Gen: 223, Best Score: -0.0782139980963773, Avg Score: -0.11731630072695372, Time: 3.4567983420027626
Gen: 224, Best Score: -0.0788969406485855, Avg Score: -0.12352664084282142, Time: 3.4720096510648726
Gen: 225, Best Score: -0.07911534787513749, Avg Score: -0.12210824057380357, Time: 3.4862873411840862
Gen: 226, Best Score: -0.08306206276790706, Avg Score: -0.12103665275429323, Time: 3.5002444589800303
Gen: 227, Best Score: -0.07554499103648665, Avg Score: -0.12651143483798769, Time: 3.5141967544290753
Gen: 228, Best Score: -0.07142362176928058, Avg Score: -0.11934463752103708, Time: 3.52760362525781
Gen: 229, Best Score: -0.07492661085458224, Avg Score: -0.12650666478736397, Time: 3.5429984643061956
Values
Validation Generation Score:  -93.32676985493566
Validation Generation Score:  -93.09543655385433
Validation Generation Score:  -93.365182951692
Validation champion:  {'validation': -93.09543655385433}
Validation champ with the best test score: -93.09543655385433 on test data.
Gen: 230, Best Score: -93.09543655385433, Avg Score: -94.41836181397868, Time: 3.5970620895756618
Gen: 231, Best Score: -0.08069646432214064, Avg Score: -0.13831620406419093, Time: 3.611959623893102
Gen: 232, Best Score: -0.08197779235530667, Avg Score: -0.1290161626026221, Time: 3.6258191145128675
Gen: 233, Best Score: -0.08224313442236346, Avg Score: -0.11882737543005821, Time: 3.64078241692649
Gen: 234, Best Score: -0.07639032630426094, Avg Score: -0.1302826181376428, Time: 3.6561896590391796
Gen: 235, Best Score: -0.07559038945665078, Avg Score: -0.11801777725700664, Time: 3.672574509382248
Gen: 236, Best Score: -0.07917371868390027, Avg Score: -0.1287857711995907, Time: 3.6858835554785196
Gen: 237, Best Score: -0.07830018442968426, Avg Score: -0.12777964330237626, Time: 3.700125666062037
Gen: 238, Best Score: -0.08114095665866809, Avg Score: -0.11909097571062127, Time: 3.7143196741077635
Gen: 239, Best Score: -0.07886413926663441, Avg Score: -0.1233433062145119, Time: 3.728853598303265
Values
Validation Generation Score:  -93.12089836418534
Validation Generation Score:  -93.22170254102913
Validation champion:  {'main': -0.08568856550610977, 'validation': -93.12089836418534}
Validation champ with the best test score: -93.12089836418534 on test data.
Gen: 240, Best Score: -93.12089836418534, Avg Score: -94.49947268318658, Time: 3.7706210058927536
Gen: 241, Best Score: -0.07762710845478538, Avg Score: -0.12440128662450936, Time: 3.785072226987945
Gen: 242, Best Score: -0.07852984376091936, Avg Score: -0.1234743527373302, Time: 3.799096047282219
Gen: 243, Best Score: -0.08019095254902767, Avg Score: -0.12550420685563565, Time: 3.812490978969468
Gen: 244, Best Score: -0.0737814863330819, Avg Score: -0.11882382979316035, Time: 3.8265456147988637
Gen: 245, Best Score: -0.08064904149534914, Avg Score: -0.1238924538885553, Time: 3.840752091076639
Gen: 246, Best Score: -0.06954458705158735, Avg Score: -0.1207174569919064, Time: 3.855927724043528
Gen: 247, Best Score: -0.08018097427779063, Avg Score: -0.1284652642053087, Time: 3.8702920772631964
Gen: 248, Best Score: -0.08044537407721197, Avg Score: -0.11907885932506962, Time: 3.886081262230873
Gen: 249, Best Score: -0.07860430721174054, Avg Score: -0.11845489131864423, Time: 3.9016610667440625
Values
Validation Generation Score:  -93.19844814599918
Validation Generation Score:  -93.38696673197005
Validation champion:  {'main': -0.08915826044238011, 'validation': -93.19844814599918}
Validation champ with the best test score: -93.19844814599918 on test data.
Gen: 250, Best Score: -93.19844814599918, Avg Score: -94.39742189486398, Time: 3.9437939144505396
Gen: 251, Best Score: -0.07862589445077885, Avg Score: -0.12615854586810177, Time: 3.958556819823053
Gen: 252, Best Score: -0.067015254282107, Avg Score: -0.1285906904266518, Time: 3.974142224656211
Gen: 253, Best Score: -0.07959876175212569, Avg Score: -0.11595382770377415, Time: 3.9896563451157676
Gen: 254, Best Score: -0.07937891578129568, Avg Score: -0.12889461023319088, Time: 4.004978560010592
Gen: 255, Best Score: -0.06842124167553758, Avg Score: -0.11768483514758389, Time: 4.021067164076699
Gen: 256, Best Score: -0.07675433528462877, Avg Score: -0.11951263335626992, Time: 4.035621342990133
Gen: 257, Best Score: -0.08236351724782136, Avg Score: -0.11512391822443575, Time: 4.052725986507204
Gen: 258, Best Score: -0.07505157396144294, Avg Score: -0.11799362086700085, Time: 4.068585930201742
Gen: 259, Best Score: -0.07683032230606071, Avg Score: -0.12401172818755621, Time: 4.083445811602805
Values
Validation Generation Score:  -93.18057466776435
Validation Generation Score:  -93.1793752542434
Validation Generation Score:  -93.20142269392404
Validation champion:  {'validation': -93.1793752542434}
Validation champ with the best test score: -93.1793752542434 on test data.
Gen: 260, Best Score: -93.1793752542434, Avg Score: -94.43189817627297, Time: 4.1424474059210885
Gen: 261, Best Score: -0.07261114629665186, Avg Score: -0.133234384603424, Time: 4.158983866771062
Gen: 262, Best Score: -0.07416013745676352, Avg Score: -0.13732673587914615, Time: 4.176762373844783
Gen: 263, Best Score: -0.06835780253791636, Avg Score: -0.13296371310570693, Time: 4.196048986381955
Gen: 264, Best Score: -0.07841086715136078, Avg Score: -0.13355805626097844, Time: 4.210587820013364
Gen: 265, Best Score: -0.07495104754468711, Avg Score: -0.1185284266367002, Time: 4.22976617568069
Gen: 266, Best Score: -0.07345101847069634, Avg Score: -0.12869349538778274, Time: 4.247633747855822
Gen: 267, Best Score: -0.07128568888760331, Avg Score: -0.12443932775278001, Time: 4.267722846070925
Gen: 268, Best Score: -0.07815105375698655, Avg Score: -0.12370117238904013, Time: 4.286208903723293
Gen: 269, Best Score: -0.07645784857970253, Avg Score: -0.1254908069956558, Time: 4.3044721639156345
Values
Validation Generation Score:  -93.1993568980324
Validation Generation Score:  -93.11910843365153
Validation Generation Score:  -93.2430694983579
Validation champion:  {'main': -0.0891381933912255, 'validation': -93.11910843365153}
Validation champ with the best test score: -93.11910843365153 on test data.
Gen: 270, Best Score: -93.11910843365153, Avg Score: -94.43823973753413, Time: 4.370146353907056
Gen: 271, Best Score: -0.07289804813143466, Avg Score: -0.1236832066561386, Time: 4.389424683186743
Gen: 272, Best Score: -0.07551633111724154, Avg Score: -0.1344327224266503, Time: 4.405810934702555
Gen: 273, Best Score: -0.07742408842984763, Avg Score: -0.12723748701885773, Time: 4.42392609986994
Gen: 274, Best Score: -0.07778703208996715, Avg Score: -0.1311977829564724, Time: 4.440139093730185
Gen: 275, Best Score: -0.08248744673255892, Avg Score: -0.1230887963090917, Time: 4.457573762072458
Gen: 276, Best Score: -0.08061125972976844, Avg Score: -0.1318755258688637, Time: 4.478989432652791
Gen: 277, Best Score: -0.07728407523622668, Avg Score: -0.1254889071028854, Time: 4.497502631147703
Gen: 278, Best Score: -0.07463984065307958, Avg Score: -0.12486889735709712, Time: 4.516996299823125
Gen: 279, Best Score: -0.07696382691831981, Avg Score: -0.12187429206648327, Time: 4.536093263162507
Values
Validation Generation Score:  -93.1611752664332
Validation Generation Score:  -93.30215858486702
Validation champion:  {'main': -0.09166748218864373, 'validation': -93.1611752664332}
Validation champ with the best test score: -93.1611752664332 on test data.
Gen: 280, Best Score: -93.1611752664332, Avg Score: -94.57290880228001, Time: 4.584937250283029
Gen: 281, Best Score: -0.0803081551368079, Avg Score: -0.1278898697089702, Time: 4.605262883636686
Gen: 282, Best Score: -0.08008486261812747, Avg Score: -0.1210740806813316, Time: 4.624354046053357
Gen: 283, Best Score: -0.07648529459314152, Avg Score: -0.12635031347104086, Time: 4.642887213428815
Gen: 284, Best Score: -0.07933107693502536, Avg Score: -0.1275967249568554, Time: 4.662135446402762
Gen: 285, Best Score: -0.07528370965694511, Avg Score: -0.12029222306344436, Time: 4.67920183049308
Gen: 286, Best Score: -0.07696884423387843, Avg Score: -0.13190417901348803, Time: 4.695306771331364
Gen: 287, Best Score: -0.07816128959841881, Avg Score: -0.12031064585773789, Time: 4.715053921010759
Gen: 288, Best Score: -0.08063174009095174, Avg Score: -0.11953115253016065, Time: 4.734117868410216
Gen: 289, Best Score: -0.07366264543075643, Avg Score: -0.13227274921423632, Time: 4.750908576514986
Values
Validation Generation Score:  -92.95033189513146
Validation Generation Score:  -93.20190825199602
Validation champion:  {'main': -0.0942577879292545, 'validation': -92.95033189513146}
Validation champ with the best test score: -92.95033189513146 on test data.
Gen: 290, Best Score: -92.95033189513146, Avg Score: -94.31954085683566, Time: 4.79713228378031
Gen: 291, Best Score: -0.07686169194122719, Avg Score: -0.13211878707738917, Time: 4.814389257232349
Gen: 292, Best Score: -0.07768318814440842, Avg Score: -0.12402890390734972, Time: 4.831950913535224
Gen: 293, Best Score: -0.07919238522088298, Avg Score: -0.12653412993774169, Time: 4.849097050494618
Gen: 294, Best Score: -0.08118831028825921, Avg Score: -0.1265984873664878, Time: 4.866050833728578
Gen: 295, Best Score: -0.06908563878912002, Avg Score: -0.13024657817751317, Time: 4.884698299898042
Gen: 296, Best Score: -0.0759007743204061, Avg Score: -0.10748488860949629, Time: 4.903471327688959
Gen: 297, Best Score: -0.07337558490503521, Avg Score: -0.12497757050960852, Time: 4.921145872937308
Gen: 298, Best Score: -0.07754412797227499, Avg Score: -0.13217199471457688, Time: 4.9383643562926185
Gen: 299, Best Score: -0.07414134814839178, Avg Score: -0.12320248288131772, Time: 4.956271800928645
Values
Validation Generation Score:  -93.28483057873814
Validation Generation Score:  -93.13823369785997
Validation Generation Score:  -93.26461279672166
Validation champion:  {'validation': -93.13823369785997}
Validation champ with the best test score: -93.13823369785997 on test data.
Gen: 300, Best Score: -93.13823369785997, Avg Score: -94.3801503205217, Time: 5.023874962064955
Gen: 301, Best Score: -0.07406351799407054, Avg Score: -0.12661061120230654, Time: 5.042387584845225
Gen: 302, Best Score: -0.0784139247290854, Avg Score: -0.11995873698642648, Time: 5.060423970156246
Gen: 303, Best Score: -0.07801045255080015, Avg Score: -0.12405400321610083, Time: 5.078823983205689
Gen: 304, Best Score: -0.07564734282034523, Avg Score: -0.11928821306711804, Time: 5.096458607779609
Gen: 305, Best Score: -0.07498102338015711, Avg Score: -0.129846787949481, Time: 5.114202890992164
Gen: 306, Best Score: -0.0763285564023887, Avg Score: -0.1258552566523984, Time: 5.131868293351597
Gen: 307, Best Score: -0.07445025003604064, Avg Score: -0.12932008591143695, Time: 5.151609235273467
Gen: 308, Best Score: -0.07518724210832095, Avg Score: -0.12536883445015334, Time: 5.17163299454583
Gen: 309, Best Score: -0.07761740018715857, Avg Score: -0.12231864670397938, Time: 5.191418762339486
Values
Validation Generation Score:  -93.15843420832492
Validation Generation Score:  -93.14029716490164
Validation Generation Score:  -93.32512100646886
Validation champion:  {'main': -0.08693362709803393, 'validation': -93.14029716490164}
Validation champ with the best test score: -93.14029716490164 on test data.
Gen: 310, Best Score: -93.14029716490164, Avg Score: -94.48270850521557, Time: 5.265782460901472
Gen: 311, Best Score: -0.07173013347975146, Avg Score: -0.12758247519035198, Time: 5.285810357266002
Gen: 312, Best Score: -0.07768683618601609, Avg Score: -0.1308250671791072, Time: 5.305003090368377
Gen: 313, Best Score: -0.07759633015413336, Avg Score: -0.13287645162249495, Time: 5.326813930736647
Gen: 314, Best Score: -0.08101560534597976, Avg Score: -0.12479096207464387, Time: 5.345953110655149
Gen: 315, Best Score: -0.079624474371099, Avg Score: -0.129150924158483, Time: 5.36764331791136
Gen: 316, Best Score: -0.07623221771350584, Avg Score: -0.12749237491404997, Time: 5.38914170285066
Gen: 317, Best Score: -0.07870816284196655, Avg Score: -0.11622555812758821, Time: 5.409006523887316
Gen: 318, Best Score: -0.07787573835903053, Avg Score: -0.12514078310121138, Time: 5.429012408852577
Gen: 319, Best Score: -0.07996697915383108, Avg Score: -0.11808812148093067, Time: 5.449168532954322
Values
<tpg.team.Team object at 0x1489b96f81f0>
None
[<tpg.learner.Learner object at 0x1489b96f9f60>, <tpg.learner.Learner object at 0x1489b96f9bd0>, <tpg.learner.Learner object at 0x1489b96f8670>, <tpg.learner.Learner object at 0x1489b96fa530>, <tpg.learner.Learner object at 0x1489abfd9660>, <tpg.learner.Learner object at 0x1489abfdbee0>, <tpg.learner.Learner object at 0x1489abfd9d80>, <tpg.learner.Learner object at 0x1489abfdb640>, <tpg.learner.Learner object at 0x1489abfdb3d0>, <tpg.learner.Learner object at 0x1489abfda500>, <tpg.learner.Learner object at 0x1489abfda0e0>, <tpg.learner.Learner object at 0x1489abfdb580>, <tpg.learner.Learner object at 0x1489abfdbe80>, <tpg.learner.Learner object at 0x1489abfda0b0>, <tpg.learner.Learner object at 0x1489abfd8bb0>]
{'main': -0.07343803522570366}
---------------
step 0 for state:  [0.80053]
step 1 for state:  [0.807814]
step 2 for state:  [0.811729]
step 3 for state:  [0.80816]
step 4 for state:  [0.792802]
step 5 for state:  [0.76314]
step 6 for state:  [0.720508]
step 7 for state:  [0.669609]
step 8 for state:  [0.615915]
step 9 for state:  [0.563768]
step 10 for state:  [0.515925]
step 11 for state:  [0.473762]
step 12 for state:  [0.43754]
step 13 for state:  [0.406652]
step 14 for state:  [0.379889]
step 15 for state:  [0.355765]
step 16 for state:  [0.332886]
step 17 for state:  [0.310295]
step 18 for state:  [0.287709]
step 19 for state:  [0.265657]
step 20 for state:  [0.245582]
step 21 for state:  [0.230002]
step 22 for state:  [0.222624]
step 23 for state:  [0.228011]
step 24 for state:  [0.250191]
step 25 for state:  [0.290373]
step 26 for state:  [0.345456]
step 27 for state:  [0.409176]
step 28 for state:  [0.474982]
step 29 for state:  [0.538095]
step 30 for state:  [0.595873]
step 31 for state:  [0.647235]
step 32 for state:  [0.691947]
step 33 for state:  [0.730127]
step 34 for state:  [0.76198]
step 35 for state:  [0.787735]
step 36 for state:  [0.807704]
step 37 for state:  [0.822401]
step 38 for state:  [0.832702]
step 39 for state:  [0.840022]
step 40 for state:  [0.846435]
step 41 for state:  [0.854583]
step 42 for state:  [0.86709]
step 43 for state:  [0.885361]
step 44 for state:  [0.908058]
step 45 for state:  [0.930181]
step 46 for state:  [0.944161]
step 47 for state:  [0.94323]
step 48 for state:  [0.924582]
step 49 for state:  [0.889678]
step 50 for state:  [0.842393]
step 51 for state:  [0.787105]
step 52 for state:  [0.727657]
step 53 for state:  [0.667049]
step 54 for state:  [0.60746]
step 55 for state:  [0.550349]
step 56 for state:  [0.496549]
step 57 for state:  [0.446292]
step 58 for state:  [0.399199]
step 59 for state:  [0.354354]
step 60 for state:  [0.310611]
step 61 for state:  [0.267151]
step 62 for state:  [0.224017]
step 63 for state:  [0.182235]
step 64 for state:  [0.143496]
step 65 for state:  [0.109837]
step 66 for state:  [0.0836131]
step 67 for state:  [0.0676934]
step 68 for state:  [0.065586]
step 69 for state:  [0.081021]
step 70 for state:  [0.116562]
step 71 for state:  [0.171598]
step 72 for state:  [0.241364]
step 73 for state:  [0.318383]
step 74 for state:  [0.395252]
step 75 for state:  [0.466541]
step 76 for state:  [0.529074]
step 77 for state:  [0.581319]
step 78 for state:  [0.62272]
step 79 for state:  [0.653326]
step 80 for state:  [0.673683]
step 81 for state:  [0.684814]
step 82 for state:  [0.688169]
step 83 for state:  [0.67924]
step 84 for state:  [0.671778]
step 85 for state:  [0.666275]
step 86 for state:  [0.666125]
step 87 for state:  [0.674527]
step 88 for state:  [0.693563]
step 89 for state:  [0.723047]
step 90 for state:  [0.759482]
step 91 for state:  [0.795898]
step 92 for state:  [0.823931]
step 93 for state:  [0.837643]
step 94 for state:  [0.835876]
step 95 for state:  [0.821405]
step 96 for state:  [0.798686]
step 97 for state:  [0.772155]
step 98 for state:  [0.745459]
step 99 for state:  [0.721252]
step 100 for state:  [0.701157]
step 101 for state:  [0.685727]
step 102 for state:  [0.674359]
step 103 for state:  [0.665244]
step 104 for state:  [0.655454]
step 105 for state:  [0.641301]
step 106 for state:  [0.61919]
step 107 for state:  [0.58708]
step 108 for state:  [0.54582]
step 109 for state:  [0.498961]
step 110 for state:  [0.451116]
step 111 for state:  [0.406442]
step 112 for state:  [0.368134]
step 113 for state:  [0.33846]
step 114 for state:  [0.318789]
step 115 for state:  [0.309495]
step 116 for state:  [0.309881]
step 117 for state:  [0.318313]
step 118 for state:  [0.332615]
step 119 for state:  [0.350629]
step 120 for state:  [0.370783]
step 121 for state:  [0.392553]
step 122 for state:  [0.41673]
step 123 for state:  [0.445357]
step 124 for state:  [0.480931]
step 125 for state:  [0.524694]
step 126 for state:  [0.574888]
step 127 for state:  [0.627035]
step 128 for state:  [0.676305]
step 129 for state:  [0.719595]
step 130 for state:  [0.755987]
step 131 for state:  [0.786162]
step 132 for state:  [0.811631]
step 133 for state:  [0.834108]
step 134 for state:  [0.855076]
step 135 for state:  [0.87555]
step 136 for state:  [0.896008]
step 137 for state:  [0.916476]
step 138 for state:  [0.936684]
step 139 for state:  [0.956165]
step 140 for state:  [0.974188]
step 141 for state:  [0.989314]
step 142 for state:  [0.998636]
step 143 for state:  [0.997466]
step 144 for state:  [0.981035]
step 145 for state:  [0.947647]
step 146 for state:  [0.89972]
step 147 for state:  [0.841813]
step 148 for state:  [0.778351]
step 149 for state:  [0.712617]
step 150 for state:  [0.646698]
step 151 for state:  [0.581785]
step 152 for state:  [0.518512]
step 153 for state:  [0.457217]
step 154 for state:  [0.398129]
step 155 for state:  [0.341443]
step 156 for state:  [0.287344]
step 157 for state:  [0.236017]
step 158 for state:  [0.18767]
step 159 for state:  [0.142618]
step 160 for state:  [0.101418]
step 161 for state:  [0.0650185]
step 162 for state:  [0.0349105]
step 163 for state:  [0.0132806]
step 164 for state:  [0.00320207]
step 165 for state:  [0.00861907]
step 166 for state:  [0.0335988]
step 167 for state:  [0.0804279]
step 168 for state:  [0.147215]
step 169 for state:  [0.227179]
step 170 for state:  [0.310986]
step 171 for state:  [0.390225]
step 172 for state:  [0.459396]
step 173 for state:  [0.515917]
step 174 for state:  [0.559264]
step 175 for state:  [0.590074]
step 176 for state:  [0.609569]
step 177 for state:  [0.619228]
step 178 for state:  [0.62068]
step 179 for state:  [0.6157]
step 180 for state:  [0.606269]
step 181 for state:  [0.594701]
step 182 for state:  [0.583762]
step 183 for state:  [0.576742]
step 184 for state:  [0.577239]
step 185 for state:  [0.588502]
step 186 for state:  [0.612344]
step 187 for state:  [0.647946]
step 188 for state:  [0.690954]
step 189 for state:  [0.733945]
step 190 for state:  [0.769262]
step 191 for state:  [0.792579]
step 192 for state:  [0.803961]
step 193 for state:  [0.806327]
step 194 for state:  [0.803505]
step 195 for state:  [0.799054]
step 196 for state:  [0.795748]
step 197 for state:  [0.795399]
step 198 for state:  [0.798783]
step 199 for state:  [0.805639]
step 200 for state:  [0.814748]
step 201 for state:  [0.824043]
step 202 for state:  [0.830673]
step 203 for state:  [0.83092]
step 204 for state:  [0.820462]
step 205 for state:  [0.795872]
step 206 for state:  [0.757049]
step 207 for state:  [0.707865]
step 208 for state:  [0.65392]
step 209 for state:  [0.600068]
step 210 for state:  [0.549524]
step 211 for state:  [0.503961]
step 212 for state:  [0.463834]
step 213 for state:  [0.428681]
step 214 for state:  [0.39742]
step 215 for state:  [0.368687]
step 216 for state:  [0.341201]
step 217 for state:  [0.314079]
step 218 for state:  [0.287033]
step 219 for state:  [0.26046]
step 220 for state:  [0.235494]
step 221 for state:  [0.214129]
step 222 for state:  [0.199429]
step 223 for state:  [0.195536]
step 224 for state:  [0.206943]
step 225 for state:  [0.236652]
step 226 for state:  [0.284031]
step 227 for state:  [0.344383]
step 228 for state:  [0.411033]
step 229 for state:  [0.477978]
step 230 for state:  [0.541196]
step 231 for state:  [0.598522]
step 232 for state:  [0.649016]
step 233 for state:  [0.692369]
step 234 for state:  [0.728559]
step 235 for state:  [0.757701]
step 236 for state:  [0.780062]
step 237 for state:  [0.796125]
step 238 for state:  [0.806708]
step 239 for state:  [0.813097]
step 240 for state:  [0.817185]
step 241 for state:  [0.821528]
step 242 for state:  [0.829085]
step 243 for state:  [0.842456]
step 244 for state:  [0.862603]
step 245 for state:  [0.88749]
step 246 for state:  [0.911478]
step 247 for state:  [0.926723]
step 248 for state:  [0.92662]
step 249 for state:  [0.908744]
step 250 for state:  [0.874913]
step 251 for state:  [0.829231]
step 252 for state:  [0.776186]
step 253 for state:  [0.719653]
step 254 for state:  [0.662612]
step 255 for state:  [0.607183]
step 256 for state:  [0.554728]
step 257 for state:  [0.505915]
step 258 for state:  [0.460698]
step 259 for state:  [0.418305]
step 260 for state:  [0.377378]
step 261 for state:  [0.336431]
step 262 for state:  [0.294569]
step 263 for state:  [0.252044]
step 264 for state:  [0.210246]
step 265 for state:  [0.171241]
step 266 for state:  [0.137362]
step 267 for state:  [0.111174]
step 268 for state:  [0.0956402]
step 269 for state:  [0.0941662]
step 270 for state:  [0.11006]
step 271 for state:  [0.14519]
step 272 for state:  [0.198385]
step 273 for state:  [0.265006]
step 274 for state:  [0.33843]
step 275 for state:  [0.412301]
step 276 for state:  [0.481901]
step 277 for state:  [0.544285]
step 278 for state:  [0.597751]
step 279 for state:  [0.64135]
step 280 for state:  [0.674674]
step 281 for state:  [0.697888]
step 282 for state:  [0.717686]
step 283 for state:  [0.717441]
step 284 for state:  [0.713292]
step 285 for state:  [0.70792]
step 286 for state:  [0.704411]
step 287 for state:  [0.706047]
step 288 for state:  [0.715759]
step 289 for state:  [0.735252]
step 290 for state:  [0.763953]
step 291 for state:  [0.798047]
step 292 for state:  [0.83041]
step 293 for state:  [0.852732]
step 294 for state:  [0.859306]
step 295 for state:  [0.849326]
step 296 for state:  [0.825973]
step 297 for state:  [0.794048]
step 298 for state:  [0.758198]
step 299 for state:  [0.722158]
step 300 for state:  [0.688597]
step 301 for state:  [0.659133]
step 302 for state:  [0.634336]
step 303 for state:  [0.613651]
step 304 for state:  [0.59536]
step 305 for state:  [0.576725]
step 306 for state:  [0.55448]
step 307 for state:  [0.525789]
step 308 for state:  [0.489514]
step 309 for state:  [0.446992]
step 310 for state:  [0.401537]
step 311 for state:  [0.357116]
step 312 for state:  [0.317374]
step 313 for state:  [0.285379]
step 314 for state:  [0.263644]
step 315 for state:  [0.254008]
step 316 for state:  [0.257287]
step 317 for state:  [0.272953]
step 318 for state:  [0.299156]
step 319 for state:  [0.333237]
step 320 for state:  [0.37249]
step 321 for state:  [0.414829]
step 322 for state:  [0.45915]
step 323 for state:  [0.505305]
step 324 for state:  [0.553575]
step 325 for state:  [0.603628]
step 326 for state:  [0.653602]
step 327 for state:  [0.700329]
step 328 for state:  [0.740794]
step 329 for state:  [0.773413]
step 330 for state:  [0.798281]
step 331 for state:  [0.816778]
step 332 for state:  [0.831029]
step 333 for state:  [0.843433]
step 334 for state:  [0.856228]
step 335 for state:  [0.871097]
step 336 for state:  [0.888843]
step 337 for state:  [0.909196]
step 338 for state:  [0.930752]
step 339 for state:  [0.951029]
step 340 for state:  [0.966567]
step 341 for state:  [0.973119]
step 342 for state:  [0.966275]
step 343 for state:  [0.943026]
step 344 for state:  [0.903582]
step 345 for state:  [0.851439]
step 346 for state:  [0.791513]
step 347 for state:  [0.728254]
step 348 for state:  [0.66485]
step 349 for state:  [0.603207]
step 350 for state:  [0.544185]
step 351 for state:  [0.487888]
step 352 for state:  [0.433951]
step 353 for state:  [0.381857]
step 354 for state:  [0.331206]
step 355 for state:  [0.2819]
step 356 for state:  [0.234194]
step 357 for state:  [0.188654]
step 358 for state:  [0.146088]
step 359 for state:  [0.107572]
step 360 for state:  [0.0745665]
step 361 for state:  [0.0491447]
step 362 for state:  [0.03422]
step 363 for state:  [0.0335843]
step 364 for state:  [0.0513025]
step 365 for state:  [0.090024]
step 366 for state:  [0.148797]
step 367 for state:  [0.222269]
step 368 for state:  [0.302447]
step 369 for state:  [0.381549]
step 370 for state:  [0.453807]
step 371 for state:  [0.51578]
step 372 for state:  [0.565911]
step 373 for state:  [0.60394]
step 374 for state:  [0.630443]
step 375 for state:  [0.646511]
step 376 for state:  [0.653553]
step 377 for state:  [0.65321]
step 378 for state:  [0.64737]
step 379 for state:  [0.638241]
step 380 for state:  [0.628476]
step 381 for state:  [0.621246]
step 382 for state:  [0.620076]
step 383 for state:  [0.628278]
step 384 for state:  [0.647993]
step 385 for state:  [0.679101]
step 386 for state:  [0.718224]
step 387 for state:  [0.75855]
step 388 for state:  [0.791818]
step 389 for state:  [0.812172]
step 390 for state:  [0.818461]
step 391 for state:  [0.813321]
step 392 for state:  [0.800941]
step 393 for state:  [0.785458]
step 394 for state:  [0.770262]
step 395 for state:  [0.757786]
step 396 for state:  [0.749433]
step 397 for state:  [0.745512]
step 398 for state:  [0.745188]
step 399 for state:  [0.7465]
step 400 for state:  [0.746454]
step 401 for state:  [0.741223]
step 402 for state:  [0.726707]
step 403 for state:  [0.699926]
step 404 for state:  [0.660927]
step 405 for state:  [0.61325]
step 406 for state:  [0.562113]
step 407 for state:  [0.512278]
step 408 for state:  [0.467156]
step 409 for state:  [0.42882]
step 410 for state:  [0.39819]
step 411 for state:  [0.375166]
step 412 for state:  [0.358767]
step 413 for state:  [0.347382]
step 414 for state:  [0.339134]
step 415 for state:  [0.332344]
step 416 for state:  [0.32595]
step 417 for state:  [0.319855]
step 418 for state:  [0.315154]
step 419 for state:  [0.314292]
step 420 for state:  [0.321021]
step 421 for state:  [0.339682]
step 422 for state:  [0.373274]
step 423 for state:  [0.421048]
step 424 for state:  [0.478125]
step 425 for state:  [0.537997]
step 426 for state:  [0.595435]
step 427 for state:  [0.647604]
step 428 for state:  [0.693654]
step 429 for state:  [0.733871]
step 430 for state:  [0.768983]
step 431 for state:  [0.799739]
step 432 for state:  [0.826732]
step 433 for state:  [0.850377]
step 434 for state:  [0.870989]
step 435 for state:  [0.888928]
step 436 for state:  [0.904765]
step 437 for state:  [0.919448]
step 438 for state:  [0.934305]
step 439 for state:  [0.950605]
step 440 for state:  [0.968326]
step 441 for state:  [0.984555]
step 442 for state:  [0.993211]
step 443 for state:  [0.987736]
step 444 for state:  [0.964876]
step 445 for state:  [0.925748]
step 446 for state:  [0.874047]
step 447 for state:  [0.813956]
step 448 for state:  [0.749081]
step 449 for state:  [0.682181]
step 450 for state:  [0.615261]
step 451 for state:  [0.54973]
step 452 for state:  [0.486534]
step 453 for state:  [0.426249]
step 454 for state:  [0.369143]
step 455 for state:  [0.315191]
step 456 for state:  [0.264159]
step 457 for state:  [0.215759]
step 458 for state:  [0.169922]
step 459 for state:  [0.127053]
step 460 for state:  [0.0880698]
step 461 for state:  [0.0543412]
step 462 for state:  [0.0277028]
step 463 for state:  [0.0106762]
step 464 for state:  [0.006722]
step 465 for state:  [0.0200899]
step 466 for state:  [0.0546322]
step 467 for state:  [0.111251]
step 468 for state:  [0.185603]
step 469 for state:  [0.268836]
step 470 for state:  [0.351344]
step 471 for state:  [0.426031]
step 472 for state:  [0.48912]
step 473 for state:  [0.539349]
step 474 for state:  [0.576903]
step 475 for state:  [0.602679]
step 476 for state:  [0.61792]
step 477 for state:  [0.624082]
step 478 for state:  [0.622802]
step 479 for state:  [0.615919]
step 480 for state:  [0.605528]
step 481 for state:  [0.584638]
step 482 for state:  [0.580623]
step 483 for state:  [0.585684]
step 484 for state:  [0.602644]
step 485 for state:  [0.632239]
step 486 for state:  [0.671957]
step 487 for state:  [0.71569]
step 488 for state:  [0.755415]
step 489 for state:  [0.784753]
step 490 for state:  [0.801533]
step 491 for state:  [0.807396]
step 492 for state:  [0.805867]
step 493 for state:  [0.80076]
step 494 for state:  [0.79534]
step 495 for state:  [0.792]
step 496 for state:  [0.792132]
step 497 for state:  [0.796086]
step 498 for state:  [0.80319]
step 499 for state:  [0.811827]
step 500 for state:  [0.81953]
step 501 for state:  [0.822965]
step 502 for state:  [0.817973]
step 503 for state:  [0.800398]
step 504 for state:  [0.76826]
step 505 for state:  [0.723612]
step 506 for state:  [0.671535]
step 507 for state:  [0.617434]
step 508 for state:  [0.565363]
step 509 for state:  [0.517763]
step 510 for state:  [0.475714]
step 511 for state:  [0.439224]
step 512 for state:  [0.407511]
step 513 for state:  [0.379292]
step 514 for state:  [0.353142]
step 515 for state:  [0.327853]
step 516 for state:  [0.302715]
step 517 for state:  [0.277702]
step 518 for state:  [0.253542]
step 519 for state:  [0.231817]
step 520 for state:  [0.215133]
step 521 for state:  [0.207252]
step 522 for state:  [0.21272]
step 523 for state:  [0.235439]
step 524 for state:  [0.2764]
step 525 for state:  [0.33232]
step 526 for state:  [0.396899]
step 527 for state:  [0.463619]
step 528 for state:  [0.527714]
step 529 for state:  [0.586487]
step 530 for state:  [0.638747]
step 531 for state:  [0.684125]
step 532 for state:  [0.72262]
step 533 for state:  [0.754357]
step 534 for state:  [0.779549]
step 535 for state:  [0.798549]
step 536 for state:  [0.811963]
step 537 for state:  [0.820795]
step 538 for state:  [0.826602]
step 539 for state:  [0.83161]
step 540 for state:  [0.838596]
step 541 for state:  [0.85032]
step 542 for state:  [0.868363]
step 543 for state:  [0.891667]
step 544 for state:  [0.915561]
step 545 for state:  [0.932551]
step 546 for state:  [0.935441]
step 547 for state:  [0.92071]
step 548 for state:  [0.889291]
step 549 for state:  [0.84489]
step 550 for state:  [0.791969]
step 551 for state:  [0.73455]
step 552 for state:  [0.675802]
step 553 for state:  [0.618032]
step 554 for state:  [0.562791]
step 555 for state:  [0.510955]
step 556 for state:  [0.462742]
step 557 for state:  [0.417696]
step 558 for state:  [0.374753]
step 559 for state:  [0.332564]
step 560 for state:  [0.290116]
step 561 for state:  [0.247333]
step 562 for state:  [0.205246]
step 563 for state:  [0.165657]
step 564 for state:  [0.13072]
step 565 for state:  [0.102839]
step 566 for state:  [0.0848398]
step 567 for state:  [0.0800977]
step 568 for state:  [0.0921919]
step 569 for state:  [0.123711]
step 570 for state:  [0.174447]
step 571 for state:  [0.240368]
step 572 for state:  [0.314706]
step 573 for state:  [0.390422]
step 574 for state:  [0.462074]
step 575 for state:  [0.526252]
step 576 for state:  [0.581104]
step 577 for state:  [0.625722]
step 578 for state:  [0.659811]
step 579 for state:  [0.683609]
step 580 for state:  [0.697908]
step 581 for state:  [0.704016]
step 582 for state:  [0.703679]
step 583 for state:  [0.699048]
step 584 for state:  [0.692693]
step 585 for state:  [0.687625]
step 586 for state:  [0.687162]
step 587 for state:  [0.694476]
step 588 for state:  [0.711759]
step 589 for state:  [0.739141]
step 590 for state:  [0.773631]
step 591 for state:  [0.808727]
step 592 for state:  [0.836041]
step 593 for state:  [0.848986]
step 594 for state:  [0.845646]
step 595 for state:  [0.828438]
step 596 for state:  [0.801868]
step 597 for state:  [0.770595]
step 598 for state:  [0.738512]
step 599 for state:  [0.708487]
step 600 for state:  [0.682352]
step 601 for state:  [0.660883]
step 602 for state:  [0.643728]
step 603 for state:  [0.62935]
step 604 for state:  [0.61508]
step 605 for state:  [0.597495]
step 606 for state:  [0.573244]
step 607 for state:  [0.540373]
step 608 for state:  [0.499514]
step 609 for state:  [0.45379]
step 610 for state:  [0.407433]
step 611 for state:  [0.364437]
step 612 for state:  [0.328063]
step 613 for state:  [0.300831]
step 614 for state:  [0.284511]
step 615 for state:  [0.279919]
step 616 for state:  [0.286695]
step 617 for state:  [0.30331]
step 618 for state:  [0.327452]
step 619 for state:  [0.356661]
step 620 for state:  [0.388974]
step 621 for state:  [0.423395]
step 622 for state:  [0.460093]
step 623 for state:  [0.500167]
step 624 for state:  [0.544738]
step 625 for state:  [0.593468]
step 626 for state:  [0.643681]
step 627 for state:  [0.69135]
step 628 for state:  [0.733112]
step 629 for state:  [0.767466]
step 630 for state:  [0.794705]
step 631 for state:  [0.816309]
step 632 for state:  [0.834316]
step 633 for state:  [0.850811]
step 634 for state:  [0.867513]
step 635 for state:  [0.885494]
step 636 for state:  [0.90504]
step 637 for state:  [0.925664]
step 638 for state:  [0.94622]
step 639 for state:  [0.96497]
step 640 for state:  [0.979475]
step 641 for state:  [0.986292]
step 642 for state:  [0.981074]
step 643 for state:  [0.96009]
step 644 for state:  [0.922656]
step 645 for state:  [0.871763]
step 646 for state:  [0.812196]
step 647 for state:  [0.748422]
step 648 for state:  [0.683668]
step 649 for state:  [0.61988]
step 650 for state:  [0.558004]
step 651 for state:  [0.498319]
step 652 for state:  [0.440752]
step 653 for state:  [0.385148]
step 654 for state:  [0.331442]
step 655 for state:  [0.279735]
step 656 for state:  [0.2303]
step 657 for state:  [0.183542]
step 658 for state:  [0.140023]
step 659 for state:  [0.100536]
step 660 for state:  [0.0662709]
step 661 for state:  [0.0390136]
step 662 for state:  [0.0213658]
step 663 for state:  [0.0168666]
step 664 for state:  [0.0296525]
step 665 for state:  [0.0631483]
step 666 for state:  [0.117821]
step 667 for state:  [0.189553]
step 668 for state:  [0.270501]
step 669 for state:  [0.352009]
step 670 for state:  [0.427192]
step 671 for state:  [0.491845]
step 672 for state:  [0.544102]
step 673 for state:  [0.583698]
step 674 for state:  [0.611326]
step 675 for state:  [0.628185]
step 676 for state:  [0.635748]
step 677 for state:  [0.63566]
step 678 for state:  [0.629754]
step 679 for state:  [0.620131]
step 680 for state:  [0.600252]
step 681 for state:  [0.596473]
step 682 for state:  [0.601457]
step 683 for state:  [0.617883]
step 684 for state:  [0.646493]
step 685 for state:  [0.684994]
step 686 for state:  [0.727527]
step 687 for state:  [0.765989]
step 688 for state:  [0.793612]
step 689 for state:  [0.807936]
step 690 for state:  [0.810621]
step 691 for state:  [0.805397]
step 692 for state:  [0.796293]
step 693 for state:  [0.786755]
step 694 for state:  [0.77933]
step 695 for state:  [0.775562]
step 696 for state:  [0.775927]
step 697 for state:  [0.779818]
step 698 for state:  [0.785592]
step 699 for state:  [0.790668]
step 700 for state:  [0.791588]
step 701 for state:  [0.784211]
step 702 for state:  [0.76463]
step 703 for state:  [0.731216]
step 704 for state:  [0.686203]
step 705 for state:  [0.634646]
step 706 for state:  [0.581859]
step 707 for state:  [0.531847]
step 708 for state:  [0.487064]
step 709 for state:  [0.448644]
step 710 for state:  [0.416643]
step 711 for state:  [0.390267]
step 712 for state:  [0.368129]
step 713 for state:  [0.348609]
step 714 for state:  [0.330241]
step 715 for state:  [0.312075]
step 716 for state:  [0.293933]
step 717 for state:  [0.276551]
step 718 for state:  [0.261706]
step 719 for state:  [0.252368]
step 720 for state:  [0.252686]
step 721 for state:  [0.267222]
step 722 for state:  [0.29897]
step 723 for state:  [0.347045]
step 724 for state:  [0.40641]
step 725 for state:  [0.470313]
step 726 for state:  [0.533101]
step 727 for state:  [0.591363]
step 728 for state:  [0.643623]
step 729 for state:  [0.689571]
step 730 for state:  [0.729415]
step 731 for state:  [0.763499]
step 732 for state:  [0.792134]
step 733 for state:  [0.815598]
step 734 for state:  [0.83423]
step 735 for state:  [0.848578]
step 736 for state:  [0.859586]
step 737 for state:  [0.868765]
step 738 for state:  [0.878255]
step 739 for state:  [0.89048]
step 740 for state:  [0.907163]
step 741 for state:  [0.927749]
step 742 for state:  [0.948118]
step 743 for state:  [0.961166]
step 744 for state:  [0.959958]
step 745 for state:  [0.941179]
step 746 for state:  [0.905849]
step 747 for state:  [0.857611]
step 748 for state:  [0.80075]
step 749 for state:  [0.739098]
step 750 for state:  [0.675675]
step 751 for state:  [0.612704]
step 752 for state:  [0.551721]
step 753 for state:  [0.493684]
step 754 for state:  [0.439036]
step 755 for state:  [0.387716]
step 756 for state:  [0.339202]
step 757 for state:  [0.292687]
step 758 for state:  [0.247472]
step 759 for state:  [0.203446]
step 760 for state:  [0.161307]
step 761 for state:  [0.122403]
step 762 for state:  [0.0884884]
step 763 for state:  [0.0616888]
step 764 for state:  [0.0447182]
step 765 for state:  [0.0410696]
step 766 for state:  [0.0547609]
step 767 for state:  [0.0890391]
step 768 for state:  [0.144095]
step 769 for state:  [0.215444]
step 770 for state:  [0.295037]
step 771 for state:  [0.374483]
step 772 for state:  [0.447567]
step 773 for state:  [0.510786]
step 774 for state:  [0.562669]
step 775 for state:  [0.602949]
step 776 for state:  [0.63201]
step 777 for state:  [0.650673]
step 778 for state:  [0.660119]
step 779 for state:  [0.661859]
step 780 for state:  [0.657701]
step 781 for state:  [0.649778]
step 782 for state:  [0.640628]
step 783 for state:  [0.633282]
step 784 for state:  [0.631188]
step 785 for state:  [0.637772]
step 786 for state:  [0.655515]
step 787 for state:  [0.684748]
step 788 for state:  [0.722524]
step 789 for state:  [0.762319]
step 790 for state:  [0.795837]
step 791 for state:  [0.816752]
step 792 for state:  [0.823263]
step 793 for state:  [0.817549]
step 794 for state:  [0.80367]
step 795 for state:  [0.785853]
step 796 for state:  [0.767678]
step 797 for state:  [0.751791]
step 798 for state:  [0.739825]
step 799 for state:  [0.732344]
step 800 for state:  [0.728777]
step 801 for state:  [0.727395]
step 802 for state:  [0.725364]
step 803 for state:  [0.71894]
step 804 for state:  [0.704033]
step 805 for state:  [0.677562]
step 806 for state:  [0.639314]
step 807 for state:  [0.592506]
step 808 for state:  [0.54215]
step 809 for state:  [0.492972]
step 810 for state:  [0.448489]
step 811 for state:  [0.410968]
step 812 for state:  [0.381576]
step 813 for state:  [0.360477]
step 814 for state:  [0.346894]
step 815 for state:  [0.339312]
step 816 for state:  [0.335821]
step 817 for state:  [0.334575]
step 818 for state:  [0.334256]
step 819 for state:  [0.334485]
step 820 for state:  [0.336126]
step 821 for state:  [0.341461]
step 822 for state:  [0.354094]
step 823 for state:  [0.378054]
step 824 for state:  [0.415711]
step 825 for state:  [0.465563]
step 826 for state:  [0.522373]
step 827 for state:  [0.579943]
step 828 for state:  [0.633735]
step 829 for state:  [0.681618]
step 830 for state:  [0.723293]
step 831 for state:  [0.759445]
step 832 for state:  [0.791067]
step 833 for state:  [0.819081]
step 834 for state:  [0.844174]
step 835 for state:  [0.866797]
step 836 for state:  [0.887262]
step 837 for state:  [0.905875]
step 838 for state:  [0.923097]
step 839 for state:  [0.939637]
step 840 for state:  [0.956348]
step 841 for state:  [0.973548]
step 842 for state:  [0.989648]
step 843 for state:  [1.0]
step 844 for state:  [0.998128]
step 845 for state:  [0.979478]
step 846 for state:  [0.943908]
step 847 for state:  [0.894672]
step 848 for state:  [0.836049]
step 849 for state:  [0.77186]
step 850 for state:  [0.705021]
step 851 for state:  [0.637613]
step 852 for state:  [0.571086]
step 853 for state:  [0.506431]
step 854 for state:  [0.444301]
step 855 for state:  [0.385084]
step 856 for state:  [0.328938]
step 857 for state:  [0.27584]
step 858 for state:  [0.225657]
step 859 for state:  [0.178322]
step 860 for state:  [0.134065]
step 861 for state:  [0.0935641]
step 862 for state:  [0.0579574]
step 863 for state:  [0.0288556]
step 864 for state:  [0.00849596]
step 865 for state:  [0.0]
step 866 for state:  [0.00741479]
step 867 for state:  [0.0349497]
step 868 for state:  [0.0848353]
step 869 for state:  [0.154612]
step 870 for state:  [0.236572]
step 871 for state:  [0.320778]
step 872 for state:  [0.398943]
step 873 for state:  [0.466138]
step 874 for state:  [0.520378]
step 875 for state:  [0.561523]
step 876 for state:  [0.590386]
step 877 for state:  [0.608213]
step 878 for state:  [0.61647]
step 879 for state:  [0.610924]
step 880 for state:  [0.60092]
step 881 for state:  [0.5891]
step 882 for state:  [0.578273]
step 883 for state:  [0.571786]
step 884 for state:  [0.573302]
step 885 for state:  [0.586056]
step 886 for state:  [0.611656]
step 887 for state:  [0.648817]
step 888 for state:  [0.692631]
step 889 for state:  [0.735428]
step 890 for state:  [0.76991]
step 891 for state:  [0.79241]
step 892 for state:  [0.803444]
step 893 for state:  [0.806054]
step 894 for state:  [0.804003]
step 895 for state:  [0.800716]
step 896 for state:  [0.798813]
step 897 for state:  [0.799947]
step 898 for state:  [0.804739]
step 899 for state:  [0.812798]
step 900 for state:  [0.822814]
step 901 for state:  [0.832672]
step 902 for state:  [0.839466]
step 903 for state:  [0.839391]
step 904 for state:  [0.828066]
step 905 for state:  [0.802228]
step 906 for state:  [0.762188]
step 907 for state:  [0.71215]
step 908 for state:  [0.657733]
step 909 for state:  [0.603631]
step 910 for state:  [0.552871]
step 911 for state:  [0.506965]
step 912 for state:  [0.46625]
step 913 for state:  [0.43019]
step 914 for state:  [0.397685]
step 915 for state:  [0.367425]
step 916 for state:  [0.33823]
step 917 for state:  [0.309346]
step 918 for state:  [0.280606]
step 919 for state:  [0.252494]
step 920 for state:  [0.22619]
step 921 for state:  [0.203712]
step 922 for state:  [0.188129]
step 923 for state:  [0.183561]
step 924 for state:  [0.194462]
step 925 for state:  [0.223825]
step 926 for state:  [0.271079]
step 927 for state:  [0.331632]
step 928 for state:  [0.398841]
step 929 for state:  [0.466641]
step 930 for state:  [0.530863]
step 931 for state:  [0.589189]
step 932 for state:  [0.640533]
step 933 for state:  [0.684477]
step 934 for state:  [0.720931]
step 935 for state:  [0.749991]
step 936 for state:  [0.771944]
step 937 for state:  [0.787328]
step 938 for state:  [0.797028]
step 939 for state:  [0.802402]
step 940 for state:  [0.805413]
step 941 for state:  [0.808685]
step 942 for state:  [0.815248]
step 943 for state:  [0.827822]
step 944 for state:  [0.847606]
step 945 for state:  [0.872939]
step 946 for state:  [0.898578]
step 947 for state:  [0.916736]
step 948 for state:  [0.920338]
step 949 for state:  [0.906246]
step 950 for state:  [0.875782]
step 951 for state:  [0.832906]
step 952 for state:  [0.782176]
step 953 for state:  [0.727624]
step 954 for state:  [0.672374]
step 955 for state:  [0.618665]
step 956 for state:  [0.567949]
step 957 for state:  [0.520942]
step 958 for state:  [0.477601]
step 959 for state:  [0.437104]
step 960 for state:  [0.397961]
step 961 for state:  [0.358498]
step 962 for state:  [0.317599]
step 963 for state:  [0.275371]
step 964 for state:  [0.233197]
step 965 for state:  [0.19324]
step 966 for state:  [0.157947]
step 967 for state:  [0.129922]
step 968 for state:  [0.112069]
step 969 for state:  [0.107658]
step 970 for state:  [0.119882]
step 971 for state:  [0.150704]
step 972 for state:  [0.199404]
step 973 for state:  [0.262036]
step 974 for state:  [0.332601]
step 975 for state:  [0.405054]
step 976 for state:  [0.474692]
step 977 for state:  [0.538406]
step 978 for state:  [0.594252]
step 979 for state:  [0.64098]
step 980 for state:  [0.677831]
step 981 for state:  [0.704627]
step 982 for state:  [0.721867]
step 983 for state:  [0.730717]
step 984 for state:  [0.732889]
step 985 for state:  [0.730567]
step 986 for state:  [0.726364]
step 987 for state:  [0.72329]
step 988 for state:  [0.724554]
step 989 for state:  [0.733088]
step 990 for state:  [0.75075]
step 991 for state:  [0.777346]
step 992 for state:  [0.809664]
step 993 for state:  [0.841162]
step 994 for state:  [0.863568]
step 995 for state:  [0.870458]
step 996 for state:  [0.860103]
step 997 for state:  [0.835177]
step 998 for state:  [0.800466]
step 999 for state:  [0.760845]
Priming complete
FORECASTING: step 0 for state:  [0.760845]
FORECASTING: step 1 for state:  [0.79901068]
FORECASTING: step 2 for state:  [0.668045]
FORECASTING: step 3 for state:  [0.73352784]
FORECASTING: step 4 for state:  [0.60231606]
FORECASTING: step 5 for state:  [0.53627336]
FORECASTING: step 6 for state:  [0.62964259]
FORECASTING: step 7 for state:  [0.62964259]
FORECASTING: step 8 for state:  [0.62964259]
FORECASTING: step 9 for state:  [0.61709005]
FORECASTING: step 10 for state:  [0.61709005]
FORECASTING: step 11 for state:  [0.61709005]
FORECASTING: step 12 for state:  [0.47180926]
FORECASTING: step 13 for state:  [0.38657438]
FORECASTING: step 14 for state:  [0.55573931]
FORECASTING: step 15 for state:  [0.64463358]
FORECASTING: step 16 for state:  [0.64463358]
FORECASTING: step 17 for state:  [0.64463358]
FORECASTING: step 18 for state:  [0.59045347]
FORECASTING: step 19 for state:  [0.57309639]
FORECASTING: step 20 for state:  [0.60886498]
FORECASTING: step 21 for state:  [0.59965923]
FORECASTING: step 22 for state:  [0.49951015]
FORECASTING: step 23 for state:  [0.49951015]
FORECASTING: step 24 for state:  [0.45263276]
FORECASTING: step 25 for state:  [0.46222101]
FORECASTING: step 26 for state:  [0.45742688]
FORECASTING: step 27 for state:  [0.45982394]
FORECASTING: step 28 for state:  [0.52974159]
FORECASTING: step 29 for state:  [0.52974159]
FORECASTING: step 30 for state:  [0.52974159]
FORECASTING: step 31 for state:  [0.49358423]
FORECASTING: step 32 for state:  [0.51166291]
FORECASTING: step 33 for state:  [0.51166291]
FORECASTING: step 34 for state:  [0.50262357]
FORECASTING: step 35 for state:  [0.50262357]
FORECASTING: step 36 for state:  [0.50262357]
FORECASTING: step 37 for state:  [0.48122376]
FORECASTING: step 38 for state:  [0.49644333]
FORECASTING: step 39 for state:  [0.49644333]
FORECASTING: step 40 for state:  [0.49953345]
FORECASTING: step 41 for state:  [0.55092476]
FORECASTING: step 42 for state:  [0.52368405]
FORECASTING: step 43 for state:  [0.51160875]
FORECASTING: step 44 for state:  [0.49641625]
FORECASTING: step 45 for state:  [0.5040125]
FORECASTING: step 46 for state:  [0.5040125]
FORECASTING: step 47 for state:  [0.51384827]
FORECASTING: step 48 for state:  [0.53238652]
FORECASTING: step 49 for state:  [0.5231174]
FORECASTING: step 50 for state:  [0.52775196]
FORECASTING: step 51 for state:  [0.52775196]
FORECASTING: step 52 for state:  [0.51588223]
FORECASTING: step 53 for state:  [0.50614924]
FORECASTING: step 54 for state:  [0.5169506]
FORECASTING: step 55 for state:  [0.51154992]
FORECASTING: step 56 for state:  [0.51371607]
FORECASTING: step 57 for state:  [0.51371607]
FORECASTING: step 58 for state:  [0.512633]
FORECASTING: step 59 for state:  [0.5178752]
FORECASTING: step 60 for state:  [0.5178752]
FORECASTING: step 61 for state:  [0.51579564]
FORECASTING: step 62 for state:  [0.51421432]
FORECASTING: step 63 for state:  [0.51604476]
FORECASTING: step 64 for state:  [0.51604476]
FORECASTING: step 65 for state:  [0.51604476]
FORECASTING: step 66 for state:  [0.5159202]
FORECASTING: step 67 for state:  [0.51506726]
FORECASTING: step 68 for state:  [0.51506726]
FORECASTING: step 69 for state:  [0.51600893]
FORECASTING: step 70 for state:  [0.51600893]
FORECASTING: step 71 for state:  [0.51596456]
FORECASTING: step 72 for state:  [0.65289666]
FORECASTING: step 73 for state:  [0.58398196]
FORECASTING: step 74 for state:  [0.55001336]
FORECASTING: step 75 for state:  [0.55001336]
FORECASTING: step 76 for state:  [0.55001336]
FORECASTING: step 77 for state:  [0.55001336]
FORECASTING: step 78 for state:  [0.55001336]
FORECASTING: step 79 for state:  [0.53298896]
FORECASTING: step 80 for state:  [0.53298896]
FORECASTING: step 81 for state:  [0.53298896]
FORECASTING: step 82 for state:  [0.54150116]
FORECASTING: step 83 for state:  [0.54150116]
FORECASTING: step 84 for state:  [0.54150116]
FORECASTING: step 85 for state:  [0.54150116]
FORECASTING: step 86 for state:  [0.54150116]
FORECASTING: step 87 for state:  [0.54150116]
FORECASTING: step 88 for state:  [0.54150116]
FORECASTING: step 89 for state:  [0.53724506]
FORECASTING: step 90 for state:  [0.53937311]
FORECASTING: step 91 for state:  [0.53937311]
FORECASTING: step 92 for state:  [0.53830908]
FORECASTING: step 93 for state:  [0.5388411]
FORECASTING: step 94 for state:  [0.5388411]
FORECASTING: step 95 for state:  [0.5388411]
FORECASTING: step 96 for state:  [0.5388411]
FORECASTING: step 97 for state:  [0.53857509]
FORECASTING: step 98 for state:  [0.53870809]
FORECASTING: step 99 for state:  [0.53870809]
FORECASTING: step 100 for state:  [0.53864159]
FORECASTING: step 101 for state:  [0.53864159]
FORECASTING: step 102 for state:  [0.53864159]
FORECASTING: step 103 for state:  [0.53867484]
FORECASTING: step 104 for state:  [0.53867484]
FORECASTING: step 105 for state:  [0.53867484]
FORECASTING: step 106 for state:  [0.53867484]
FORECASTING: step 107 for state:  [0.53865822]
FORECASTING: step 108 for state:  [0.53866653]
FORECASTING: step 109 for state:  [0.53866653]
FORECASTING: step 110 for state:  [0.53866237]
FORECASTING: step 111 for state:  [0.53866445]
FORECASTING: step 112 for state:  [0.53866445]
FORECASTING: step 113 for state:  [0.5613232]
FORECASTING: step 114 for state:  [0.54999383]
FORECASTING: step 115 for state:  [0.5443281]
FORECASTING: step 116 for state:  [0.54716096]
FORECASTING: step 117 for state:  [0.55424208]
FORECASTING: step 118 for state:  [0.55070152]
FORECASTING: step 119 for state:  [0.55070152]
FORECASTING: step 120 for state:  [0.5524718]
FORECASTING: step 121 for state:  [0.5524718]
FORECASTING: step 122 for state:  [0.5524718]
FORECASTING: step 123 for state:  [0.5524718]
FORECASTING: step 124 for state:  [0.54839995]
FORECASTING: step 125 for state:  [0.54839995]
FORECASTING: step 126 for state:  [0.56074817]
FORECASTING: step 127 for state:  [0.55660999]
FORECASTING: step 128 for state:  [0.55660999]
FORECASTING: step 129 for state:  [0.55660999]
FORECASTING: step 130 for state:  [0.55660999]
FORECASTING: step 131 for state:  [0.55867908]
FORECASTING: step 132 for state:  [0.55764453]
FORECASTING: step 133 for state:  [0.55417303]
FORECASTING: step 134 for state:  [0.55417303]
FORECASTING: step 135 for state:  [0.55128649]
FORECASTING: step 136 for state:  [0.55272976]
FORECASTING: step 137 for state:  [0.55570442]
FORECASTING: step 138 for state:  [0.55421709]
FORECASTING: step 139 for state:  [0.55421709]
FORECASTING: step 140 for state:  [0.55593081]
FORECASTING: step 141 for state:  [0.55507395]
FORECASTING: step 142 for state:  [0.55318022]
FORECASTING: step 143 for state:  [0.55455552]
FORECASTING: step 144 for state:  [0.55481473]
FORECASTING: step 145 for state:  [0.55481473]
FORECASTING: step 146 for state:  [0.55481473]
FORECASTING: step 147 for state:  [0.55481473]
FORECASTING: step 148 for state:  [0.55468513]
FORECASTING: step 149 for state:  [0.55474993]
FORECASTING: step 150 for state:  [0.55522717]
FORECASTING: step 151 for state:  [0.5542037]
FORECASTING: step 152 for state:  [0.5542037]
FORECASTING: step 153 for state:  [0.55447681]
FORECASTING: step 154 for state:  [0.53524287]
FORECASTING: step 155 for state:  [0.54472328]
FORECASTING: step 156 for state:  [0.53998308]
FORECASTING: step 157 for state:  [0.54722995]
FORECASTING: step 158 for state:  [0.54722995]
FORECASTING: step 159 for state:  [0.54722995]
FORECASTING: step 160 for state:  [0.54597661]
FORECASTING: step 161 for state:  [0.54297985]
FORECASTING: step 162 for state:  [0.54883249]
FORECASTING: step 163 for state:  [0.54803122]
FORECASTING: step 164 for state:  [0.54700392]
FORECASTING: step 165 for state:  [0.54751757]
FORECASTING: step 166 for state:  [0.54751757]
FORECASTING: step 167 for state:  [0.54751757]
FORECASTING: step 168 for state:  [0.54817503]
FORECASTING: step 169 for state:  [0.54817503]
FORECASTING: step 170 for state:  [0.54758947]
FORECASTING: step 171 for state:  [0.54755352]
FORECASTING: step 172 for state:  [0.54755352]
FORECASTING: step 173 for state:  [0.54755352]
FORECASTING: step 174 for state:  [0.54526668]
FORECASTING: step 175 for state:  [0.54672085]
FORECASTING: step 176 for state:  [0.54715516]
FORECASTING: step 177 for state:  [0.54715516]
FORECASTING: step 178 for state:  [0.54621092]
FORECASTING: step 179 for state:  [0.54646589]
FORECASTING: step 180 for state:  [0.54681052]
FORECASTING: step 181 for state:  [0.54718202]
FORECASTING: step 182 for state:  [0.54718202]
FORECASTING: step 183 for state:  [0.54682395]
FORECASTING: step 184 for state:  [0.54700299]
FORECASTING: step 185 for state:  [0.54700299]
FORECASTING: step 186 for state:  [0.54700299]
FORECASTING: step 187 for state:  [0.54690676]
FORECASTING: step 188 for state:  [0.54690676]
FORECASTING: step 189 for state:  [0.54695487]
FORECASTING: step 190 for state:  [0.54695487]
FORECASTING: step 191 for state:  [0.54695487]
FORECASTING: step 192 for state:  [0.54695487]
FORECASTING: step 193 for state:  [0.5465829]
FORECASTING: step 194 for state:  [0.54676888]
FORECASTING: step 195 for state:  [0.54676888]
FORECASTING: step 196 for state:  [0.54683782]
FORECASTING: step 197 for state:  [0.54680335]
FORECASTING: step 198 for state:  [0.54680335]
FORECASTING: step 199 for state:  [0.54680335]
FORECASTING: step 200 for state:  [0.54682059]
FORECASTING: step 201 for state:  [0.55102388]
FORECASTING: step 202 for state:  [0.54880339]
FORECASTING: step 203 for state:  [0.54991363]
FORECASTING: step 204 for state:  [0.54935851]
FORECASTING: step 205 for state:  [0.54808093]
FORECASTING: step 206 for state:  [0.54745244]
FORECASTING: step 207 for state:  [0.54713651]
FORECASTING: step 208 for state:  [0.54760872]
FORECASTING: step 209 for state:  [0.54753058]
FORECASTING: step 210 for state:  [0.54733355]
FORECASTING: step 211 for state:  [0.54747114]
FORECASTING: step 212 for state:  [0.54869239]
FORECASTING: step 213 for state:  [0.54801297]
FORECASTING: step 214 for state:  [0.54774205]
FORECASTING: step 215 for state:  [0.54774205]
FORECASTING: step 216 for state:  [0.54774205]
FORECASTING: step 217 for state:  [0.54774205]
FORECASTING: step 218 for state:  [0.54774205]
FORECASTING: step 219 for state:  [0.27387103]
FORECASTING: step 220 for state:  [0.41080654]
FORECASTING: step 221 for state:  [0.47916856]
FORECASTING: step 222 for state:  [0.44498755]
FORECASTING: step 223 for state:  [0.49650026]
FORECASTING: step 224 for state:  [0.4707439]
FORECASTING: step 225 for state:  [0.48362208]
FORECASTING: step 226 for state:  [0.48362208]
FORECASTING: step 227 for state:  [0.47718299]
FORECASTING: step 228 for state:  [0.47718299]
FORECASTING: step 229 for state:  [0.47718299]
FORECASTING: step 230 for state:  [0.47718299]
FORECASTING: step 231 for state:  [0.47718299]
FORECASTING: step 232 for state:  [0.47718299]
FORECASTING: step 233 for state:  [0.47718299]
FORECASTING: step 234 for state:  [0.47718299]
FORECASTING: step 235 for state:  [0.48040254]
FORECASTING: step 236 for state:  [0.47978555]
FORECASTING: step 237 for state:  [0.47848427]
FORECASTING: step 238 for state:  [0.47848427]
FORECASTING: step 239 for state:  [0.47913491]
FORECASTING: step 240 for state:  [0.47880959]
FORECASTING: step 241 for state:  [0.51375099]
FORECASTING: step 242 for state:  [0.49628029]
FORECASTING: step 243 for state:  [0.48834141]
FORECASTING: step 244 for state:  [0.49231085]
FORECASTING: step 245 for state:  [0.49032613]
FORECASTING: step 246 for state:  [0.49131849]
FORECASTING: step 247 for state:  [0.49082231]
FORECASTING: step 248 for state:  [0.4910704]
FORECASTING: step 249 for state:  [0.4910704]
FORECASTING: step 250 for state:  [0.4910704]
FORECASTING: step 251 for state:  [0.4910704]
FORECASTING: step 252 for state:  [0.49094636]
FORECASTING: step 253 for state:  [0.49100838]
FORECASTING: step 254 for state:  [0.49097737]
FORECASTING: step 255 for state:  [0.49097737]
FORECASTING: step 256 for state:  [0.50236418]
FORECASTING: step 257 for state:  [0.49668628]
FORECASTING: step 258 for state:  [0.49668628]
FORECASTING: step 259 for state:  [0.48791059]
FORECASTING: step 260 for state:  [0.48944398]
FORECASTING: step 261 for state:  [0.48867729]
FORECASTING: step 262 for state:  [0.5190179]
FORECASTING: step 263 for state:  [0.50785209]
FORECASTING: step 264 for state:  [0.49864804]
FORECASTING: step 265 for state:  [0.50325006]
FORECASTING: step 266 for state:  [0.50325006]
FORECASTING: step 267 for state:  [0.51113398]
FORECASTING: step 268 for state:  [0.50719202]
FORECASTING: step 269 for state:  [0.51371754]
FORECASTING: step 270 for state:  [0.50119741]
FORECASTING: step 271 for state:  [0.50119741]
FORECASTING: step 272 for state:  [0.50119741]
FORECASTING: step 273 for state:  [0.49992273]
FORECASTING: step 274 for state:  [0.49992273]
FORECASTING: step 275 for state:  [0.50056007]
FORECASTING: step 276 for state:  [0.50056007]
FORECASTING: step 277 for state:  [0.50056007]
FORECASTING: step 278 for state:  [0.5002414]
FORECASTING: step 279 for state:  [0.50040073]
FORECASTING: step 280 for state:  [0.50138246]
FORECASTING: step 281 for state:  [0.50089159]
FORECASTING: step 282 for state:  [0.50404181]
FORECASTING: step 283 for state:  [0.5021416]
FORECASTING: step 284 for state:  [0.5021416]
FORECASTING: step 285 for state:  [0.50309171]
FORECASTING: step 286 for state:  [0.50309171]
FORECASTING: step 287 for state:  [0.50261665]
FORECASTING: step 288 for state:  [0.50261665]
FORECASTING: step 289 for state:  [0.50285418]
FORECASTING: step 290 for state:  [0.50285418]
FORECASTING: step 291 for state:  [0.50187289]
FORECASTING: step 292 for state:  [0.50162767]
FORECASTING: step 293 for state:  [0.50224093]
FORECASTING: step 294 for state:  [0.50224093]
FORECASTING: step 295 for state:  [0.50224093]
FORECASTING: step 296 for state:  [0.50224093]
FORECASTING: step 297 for state:  [0.50242879]
FORECASTING: step 298 for state:  [0.50215084]
Simulation complete..
